[debug] [2023-02-17T18:52:36.827Z] ----------------------------------------------------------------------
[debug] [2023-02-17T18:52:36.828Z] Command:       C:\Program Files\nodejs\node.exe C:\Program Files\nodejs\node_modules\firebase-tools\lib\bin\firebase.js init
[debug] [2023-02-17T18:52:36.829Z] CLI Version:   11.23.1
[debug] [2023-02-17T18:52:36.829Z] Platform:      win32
[debug] [2023-02-17T18:52:36.829Z] Node Version:  v18.14.0
[debug] [2023-02-17T18:52:36.830Z] Time:          Fri Feb 17 2023 13:52:36 GMT-0500 (Eastern Standard Time)
[debug] [2023-02-17T18:52:36.830Z] ----------------------------------------------------------------------
[debug] 
[debug] [2023-02-17T18:52:36.835Z] > command requires scopes: ["email","openid","https://www.googleapis.com/auth/cloudplatformprojects.readonly","https://www.googleapis.com/auth/firebase","https://www.googleapis.com/auth/cloud-platform"]
[debug] [2023-02-17T18:52:36.835Z] > authorizing via signed-in user (wju2101@columbia.edu)
[info] 
     ######## #### ########  ######## ########     ###     ######  ########
     ##        ##  ##     ## ##       ##     ##  ##   ##  ##       ##
     ######    ##  ########  ######   ########  #########  ######  ######
     ##        ##  ##    ##  ##       ##     ## ##     ##       ## ##
     ##       #### ##     ## ######## ########  ##     ##  ######  ########

You're about to initialize a Firebase project in this directory:

  C:\Users\walke\Code\nlp_dynamic_stim\public

[info] 
=== Project Setup
[info] 
[info] First, let's associate this project directory with a Firebase project.
[info] You can create multiple project aliases by running firebase use --add, 
[info] but for now we'll just set up a default project.
[info] 
[debug] [2023-02-17T18:53:06.461Z] >>> [apiv2][query] GET https://firebase.googleapis.com/v1beta1/projects pageSize=100
[debug] [2023-02-17T18:53:07.063Z] <<< [apiv2][status] GET https://firebase.googleapis.com/v1beta1/projects 200
[debug] [2023-02-17T18:53:07.063Z] <<< [apiv2][body] GET https://firebase.googleapis.com/v1beta1/projects [omitted]
[info] i  Using project nlp-dynamic-impressions (nlp-dynamic-impressions) 
[info] 
=== Hosting Setup
[info] 
[info] Your public directory is the folder (relative to your project directory) that
[info] will contain Hosting assets to be uploaded with firebase deploy. If you
[info] have a build process for your assets, use your build's output directory.
[info] 
